execve("/usr/bin/xrandr", ["xrandr", "-s", "1"], [/* 55 vars */]) = 0
brk(0)                                  = 0x9507000
access("/etc/ld.so.nohwcap", F_OK)      = -1 ENOENT (No such file or directory)
mmap2(NULL, 8192, PROT_READ|PROT_WRITE, MAP_PRIVATE|MAP_ANONYMOUS, -1, 0) = 0xb77eb000
access("/etc/ld.so.preload", R_OK)      = -1 ENOENT (No such file or directory)
open("/etc/ld.so.cache", O_RDONLY)      = 3
fstat64(3, {st_mode=S_IFREG|0644, st_size=111086, ...}) = 0
mmap2(NULL, 111086, PROT_READ, MAP_PRIVATE, 3, 0) = 0xb77cf000
close(3)                                = 0
access("/etc/ld.so.nohwcap", F_OK)      = -1 ENOENT (No such file or directory)
open("/usr/lib/libXrandr.so.2", O_RDONLY) = 3
read(3, "\177ELF\1\1\1\0\0\0\0\0\0\0\0\0\3\0\3\0\1\0\0\0000\23\0\0004\0\0\0"..., 512) = 512
fstat64(3, {st_mode=S_IFREG|0644, st_size=25972, ...}) = 0
mmap2(NULL, 28864, PROT_READ|PROT_EXEC, MAP_PRIVATE|MAP_DENYWRITE, 3, 0) = 0x4ca000
mmap2(0x4d0000, 8192, PROT_READ|PROT_WRITE, MAP_PRIVATE|MAP_FIXED|MAP_DENYWRITE, 3, 0x5) = 0x4d0000
close(3)                                = 0
access("/etc/ld.so.nohwcap", F_OK)      = -1 ENOENT (No such file or directory)
open("/usr/lib/libXrender.so.1", O_RDONLY) = 3
read(3, "\177ELF\1\1\1\0\0\0\0\0\0\0\0\0\3\0\3\0\1\0\0\0\320\24\0\0004\0\0\0"..., 512) = 512
fstat64(3, {st_mode=S_IFREG|0644, st_size=34412, ...}) = 0
mmap2(NULL, 37260, PROT_READ|PROT_EXEC, MAP_PRIVATE|MAP_DENYWRITE, 3, 0) = 0x898000
mmap2(0x8a0000, 8192, PROT_READ|PROT_WRITE, MAP_PRIVATE|MAP_FIXED|MAP_DENYWRITE, 3, 0x7) = 0x8a0000
close(3)                                = 0
access("/etc/ld.so.nohwcap", F_OK)      = -1 ENOENT (No such file or directory)
open("/usr/lib/libX11.so.6", O_RDONLY)  = 3
read(3, "\177ELF\1\1\1\0\0\0\0\0\0\0\0\0\3\0\3\0\1\0\0\0\3406\1\0004\0\0\0"..., 512) = 512
fstat64(3, {st_mode=S_IFREG|0644, st_size=1160008, ...}) = 0
mmap2(NULL, 4096, PROT_READ|PROT_WRITE, MAP_PRIVATE|MAP_ANONYMOUS, -1, 0) = 0xb77ce000
mmap2(NULL, 1164020, PROT_READ|PROT_EXEC, MAP_PRIVATE|MAP_DENYWRITE, 3, 0) = 0x685000
mmap2(0x79e000, 12288, PROT_READ|PROT_WRITE, MAP_PRIVATE|MAP_FIXED|MAP_DENYWRITE, 3, 0x118) = 0x79e000
mmap2(0x7a1000, 756, PROT_READ|PROT_WRITE, MAP_PRIVATE|MAP_FIXED|MAP_ANONYMOUS, -1, 0) = 0x7a1000
close(3)                                = 0
access("/etc/ld.so.nohwcap", F_OK)      = -1 ENOENT (No such file or directory)
open("/lib/libm.so.6", O_RDONLY)        = 3
read(3, "\177ELF\1\1\1\0\0\0\0\0\0\0\0\0\3\0\3\0\1\0\0\0\2604\0\0004\0\0\0"..., 512) = 512
fstat64(3, {st_mode=S_IFREG|0644, st_size=149392, ...}) = 0
mmap2(NULL, 151680, PROT_READ|PROT_EXEC, MAP_PRIVATE|MAP_DENYWRITE, 3, 0) = 0x110000
mmap2(0x134000, 8192, PROT_READ|PROT_WRITE, MAP_PRIVATE|MAP_FIXED|MAP_DENYWRITE, 3, 0x23) = 0x134000
close(3)                                = 0
access("/etc/ld.so.nohwcap", F_OK)      = -1 ENOENT (No such file or directory)
open("/lib/libc.so.6", O_RDONLY)        = 3
read(3, "\177ELF\1\1\1\0\0\0\0\0\0\0\0\0\3\0\3\0\1\0\0\0@n\1\0004\0\0\0"..., 512) = 512
fstat64(3, {st_mode=S_IFREG|0755, st_size=1421892, ...}) = 0
mmap2(NULL, 1427880, PROT_READ|PROT_EXEC, MAP_PRIVATE|MAP_DENYWRITE, 3, 0) = 0x239000
mmap2(0x390000, 12288, PROT_READ|PROT_WRITE, MAP_PRIVATE|MAP_FIXED|MAP_DENYWRITE, 3, 0x157) = 0x390000
mmap2(0x393000, 10664, PROT_READ|PROT_WRITE, MAP_PRIVATE|MAP_FIXED|MAP_ANONYMOUS, -1, 0) = 0x393000
close(3)                                = 0
access("/etc/ld.so.nohwcap", F_OK)      = -1 ENOENT (No such file or directory)
open("/usr/lib/libXext.so.6", O_RDONLY) = 3
read(3, "\177ELF\1\1\1\0\0\0\0\0\0\0\0\0\3\0\3\0\1\0\0\0\320*\0\0004\0\0\0"..., 512) = 512
fstat64(3, {st_mode=S_IFREG|0644, st_size=60024, ...}) = 0
mmap2(NULL, 63136, PROT_READ|PROT_EXEC, MAP_PRIVATE|MAP_DENYWRITE, 3, 0) = 0x136000
mmap2(0x144000, 8192, PROT_READ|PROT_WRITE, MAP_PRIVATE|MAP_FIXED|MAP_DENYWRITE, 3, 0xd) = 0x144000
close(3)                                = 0
access("/etc/ld.so.nohwcap", F_OK)      = -1 ENOENT (No such file or directory)
open("/usr/lib/libxcb.so.1", O_RDONLY)  = 3
read(3, "\177ELF\1\1\1\0\0\0\0\0\0\0\0\0\3\0\3\0\1\0\0\0`{\0\0004\0\0\0"..., 512) = 512
fstat64(3, {st_mode=S_IFREG|0644, st_size=99844, ...}) = 0
mmap2(NULL, 102692, PROT_READ|PROT_EXEC, MAP_PRIVATE|MAP_DENYWRITE, 3, 0) = 0x1da000
mmap2(0x1f2000, 8192, PROT_READ|PROT_WRITE, MAP_PRIVATE|MAP_FIXED|MAP_DENYWRITE, 3, 0x17) = 0x1f2000
close(3)                                = 0
access("/etc/ld.so.nohwcap", F_OK)      = -1 ENOENT (No such file or directory)
open("/lib/libdl.so.2", O_RDONLY)       = 3
read(3, "\177ELF\1\1\1\0\0\0\0\0\0\0\0\0\3\0\3\0\1\0\0\0@\n\0\0004\0\0\0"..., 512) = 512
fstat64(3, {st_mode=S_IFREG|0644, st_size=9736, ...}) = 0
mmap2(NULL, 12408, PROT_READ|PROT_EXEC, MAP_PRIVATE|MAP_DENYWRITE, 3, 0) = 0xad8000
mmap2(0xada000, 8192, PROT_READ|PROT_WRITE, MAP_PRIVATE|MAP_FIXED|MAP_DENYWRITE, 3, 0x1) = 0xada000
close(3)                                = 0
mmap2(NULL, 4096, PROT_READ|PROT_WRITE, MAP_PRIVATE|MAP_ANONYMOUS, -1, 0) = 0xb77cd000
access("/etc/ld.so.nohwcap", F_OK)      = -1 ENOENT (No such file or directory)
open("/usr/lib/libXau.so.6", O_RDONLY)  = 3
read(3, "\177ELF\1\1\1\0\0\0\0\0\0\0\0\0\3\0\3\0\1\0\0\0\300\t\0\0004\0\0\0"..., 512) = 512
fstat64(3, {st_mode=S_IFREG|0644, st_size=9536, ...}) = 0
mmap2(NULL, 12420, PROT_READ|PROT_EXEC, MAP_PRIVATE|MAP_DENYWRITE, 3, 0) = 0x989000
mmap2(0x98b000, 8192, PROT_READ|PROT_WRITE, MAP_PRIVATE|MAP_FIXED|MAP_DENYWRITE, 3, 0x1) = 0x98b000
close(3)                                = 0
access("/etc/ld.so.nohwcap", F_OK)      = -1 ENOENT (No such file or directory)
open("/usr/lib/libXdmcp.so.6", O_RDONLY) = 3
read(3, "\177ELF\1\1\1\0\0\0\0\0\0\0\0\0\3\0\3\0\1\0\0\0\260\16\0\0004\0\0\0"..., 512) = 512
fstat64(3, {st_mode=S_IFREG|0644, st_size=17712, ...}) = 0
mmap2(NULL, 20544, PROT_READ|PROT_EXEC, MAP_PRIVATE|MAP_DENYWRITE, 3, 0) = 0xaac000
mmap2(0xab0000, 8192, PROT_READ|PROT_WRITE, MAP_PRIVATE|MAP_FIXED|MAP_DENYWRITE, 3, 0x3) = 0xab0000
close(3)                                = 0
mmap2(NULL, 4096, PROT_READ|PROT_WRITE, MAP_PRIVATE|MAP_ANONYMOUS, -1, 0) = 0xb77cc000
set_thread_area({entry_number:-1 -> 6, base_addr:0xb77cc6c0, limit:1048575, seg_32bit:1, contents:0, read_exec_only:0, limit_in_pages:1, seg_not_present:0, useable:1}) = 0
mprotect(0xab0000, 4096, PROT_READ)     = 0
mprotect(0x98b000, 4096, PROT_READ)     = 0
mprotect(0xada000, 4096, PROT_READ)     = 0
mprotect(0x1f2000, 4096, PROT_READ)     = 0
mprotect(0x144000, 4096, PROT_READ)     = 0
mprotect(0x390000, 8192, PROT_READ)     = 0
mprotect(0x134000, 4096, PROT_READ)     = 0
mprotect(0x79e000, 4096, PROT_READ)     = 0
mprotect(0x8a0000, 4096, PROT_READ)     = 0
mprotect(0x4d0000, 4096, PROT_READ)     = 0
mprotect(0x8053000, 4096, PROT_READ)    = 0
mprotect(0x62a000, 4096, PROT_READ)     = 0
munmap(0xb77cf000, 111086)              = 0
brk(0)                                  = 0x9507000
brk(0x9528000)                          = 0x9528000
socket(PF_FILE, SOCK_STREAM|SOCK_CLOEXEC, 0) = 3
connect(3, {sa_family=AF_FILE, path=@"/tmp/.X11-unix/X0"}, 20) = 0
getpeername(3, {sa_family=AF_FILE, path=@"/tmp/.X11-unix/X0"}, [20]) = 0
uname({sys="Linux", node="ferris", ...}) = 0
access("/var/run/gdm/auth-for-sam-q6pDOO/database", R_OK) = 0
open("/var/run/gdm/auth-for-sam-q6pDOO/database", O_RDONLY) = 4
fstat64(4, {st_mode=S_IFREG|0600, st_size=51, ...}) = 0
mmap2(NULL, 4096, PROT_READ|PROT_WRITE, MAP_PRIVATE|MAP_ANONYMOUS, -1, 0) = 0xb77ea000
read(4, "\1\0\0\6ferris\0\0010\0\22MIT-MAGIC-COOKIE-"..., 4096) = 51
read(4, "", 4096)                       = 0
close(4)                                = 0
munmap(0xb77ea000, 4096)                = 0
getsockname(3, {sa_family=AF_FILE, NULL}, [2]) = 0
fcntl64(3, F_GETFL)                     = 0x2 (flags O_RDWR)
fcntl64(3, F_SETFL, O_RDWR|O_NONBLOCK)  = 0
fcntl64(3, F_SETFD, FD_CLOEXEC)         = 0
poll([{fd=3, events=POLLIN|POLLOUT}], 1, -1) = 1 ([{fd=3, revents=POLLOUT}])
writev(3, [{"l\0\v\0\0\0\22\0\20\0\0\0", 12}, {"", 0}, {"MIT-MAGIC-COOKIE-1", 18}, {"\0\0", 2}, {"S\256\377\257\253C:!\302:\207\310xLE\255", 16}, {"", 0}], 6) = 48
read(3, 0x950cb88, 8)                   = -1 EAGAIN (Resource temporarily unavailable)
poll([{fd=3, events=POLLIN}], 1, -1)    = 1 ([{fd=3, revents=POLLIN}])
read(3, "\1\0\v\0\0\0\363\0", 8)        = 8
read(3, " R\246\0\0\0`\3\377\377\37\0\0\1\0\0\24\0\377\377\1\7\0\0  \10\377\0\0\0\0"..., 972) = 972
poll([{fd=3, events=POLLIN|POLLOUT}], 1, -1) = 1 ([{fd=3, revents=POLLOUT}])
writev(3, [{"b\0\5\0\f\0\0\0BIG-REQUESTS", 20}], 1) = 20
poll([{fd=3, events=POLLIN}], 1, -1)    = 1 ([{fd=3, revents=POLLIN}])
read(3, "\1\0\1\0\0\0\0\0\1\217\0\0\0\0\0\0\0\0\0\0\0\0\0\0\0\0\0\0\0\0\0\0", 4096) = 32
poll([{fd=3, events=POLLIN|POLLOUT}], 1, -1) = 1 ([{fd=3, revents=POLLOUT}])
writev(3, [{"\217\0\1\0", 4}], 1)       = 4
poll([{fd=3, events=POLLIN}], 1, -1)    = 1 ([{fd=3, revents=POLLIN}])
read(3, "\1\0\2\0\0\0\0\0\377\377?\0\0\0\0\0\0\0\0\0\0\0\0\0\0\0\0\0\0\0\0\0", 4096) = 32
read(3, 0x9507a58, 4096)                = -1 EAGAIN (Resource temporarily unavailable)
poll([{fd=3, events=POLLIN|POLLOUT}], 1, -1) = 1 ([{fd=3, revents=POLLOUT}])
writev(3, [{"7\0\5\0\0\0`\3\252\0\0\0\10\0\0\0\377\377\377\0\24\0\6\0\252\0\0\0\27\0\0\0"..., 44}, {NULL, 0}, {"", 0}], 3) = 44
poll([{fd=3, events=POLLIN}], 1, -1)    = 1 ([{fd=3, revents=POLLIN}])
read(3, "\1\10\4\0\33\0\0\0\37\0\0\0\0\0\0\0l\0\0\0\0\0\0\0\0\0\0\0\0\0\0\0"..., 4096) = 140
read(3, 0x9507a58, 4096)                = -1 EAGAIN (Resource temporarily unavailable)
poll([{fd=3, events=POLLIN|POLLOUT}], 1, -1) = 1 ([{fd=3, revents=POLLOUT}])
writev(3, [{"b\0\5\0\t\0`\3", 8}, {"XKEYBOARD", 9}, {"\0\0\0", 3}], 3) = 20
poll([{fd=3, events=POLLIN}], 1, -1)    = 1 ([{fd=3, revents=POLLIN}])
read(3, "\1\0\5\0\0\0\0\0\1\221a\234\0\0\0\0\0\0\0\0\0\0\0\0\0\0\0\0\0\0\0\0", 4096) = 32
read(3, 0x9507a58, 4096)                = -1 EAGAIN (Resource temporarily unavailable)
poll([{fd=3, events=POLLIN|POLLOUT}], 1, -1) = 1 ([{fd=3, revents=POLLOUT}])
writev(3, [{"\221\0\2\0\1\0\0\0", 8}, {NULL, 0}, {"", 0}], 3) = 8
poll([{fd=3, events=POLLIN}], 1, -1)    = 1 ([{fd=3, revents=POLLIN}])
read(3, "\1\1\6\0\0\0\0\0\1\0\0\0\0\0\0\0\0\0\0\0\0\0\0\0\0\0\0\0\0\0\0\0", 4096) = 32
read(3, 0x9507a58, 4096)                = -1 EAGAIN (Resource temporarily unavailable)
poll([{fd=3, events=POLLIN|POLLOUT}], 1, -1) = 1 ([{fd=3, revents=POLLOUT}])
writev(3, [{"b\0\4\0\5\0\0\0", 8}, {"RANDR", 5}, {"\0\0\0", 3}], 3) = 16
poll([{fd=3, events=POLLIN}], 1, -1)    = 1 ([{fd=3, revents=POLLIN}])
read(3, "\1\0\7\0\0\0\0\0\1\226e\245\0\0\0\0\0\0\0\0\0\0\0\0\0\0\0\0\0\0\0\0", 4096) = 32
read(3, 0x9507a58, 4096)                = -1 EAGAIN (Resource temporarily unavailable)
poll([{fd=3, events=POLLIN|POLLOUT}], 1, -1) = 1 ([{fd=3, revents=POLLOUT}])
writev(3, [{"b\0\10\0\27\0\0\0", 8}, {"Generic Event Extension", 23}, {"\0", 1}], 3) = 32
poll([{fd=3, events=POLLIN}], 1, -1)    = 1 ([{fd=3, revents=POLLIN}])
read(3, "\1\0\10\0\0\0\0\0\1\212\0\0\0\0\0\0\0\0\0\0\0\0\0\0\0\0\0\0\0\0\0\0", 4096) = 32
read(3, 0x9507a58, 4096)                = -1 EAGAIN (Resource temporarily unavailable)
poll([{fd=3, events=POLLIN|POLLOUT}], 1, -1) = 1 ([{fd=3, revents=POLLOUT}])
writev(3, [{"\212\0\2\0\1\0\0\0", 8}, {NULL, 0}, {"", 0}], 3) = 8
poll([{fd=3, events=POLLIN}], 1, -1)    = 1 ([{fd=3, revents=POLLIN}])
read(3, "\1\0\t\0\0\0\0\0\1\0\0\0008\210\372\10\0\0\0\0\4\0\0\0\220\346\361\10J#\20\10", 4096) = 32
read(3, 0x9507a58, 4096)                = -1 EAGAIN (Resource temporarily unavailable)
poll([{fd=3, events=POLLIN|POLLOUT}], 1, -1) = 1 ([{fd=3, revents=POLLOUT}])
writev(3, [{"\226\0\3\0\1\0\0\0\3\0\0\0", 12}, {NULL, 0}, {"", 0}], 3) = 12
poll([{fd=3, events=POLLIN}], 1, -1)    = 1 ([{fd=3, revents=POLLIN}])
read(3, "\1!\n\0\0\0\0\0\1\0\0\0\3\0\0\0\0\0\0\0\4\0\0\0\220\346\361\10zM\21\10", 4096) = 32
read(3, 0x9507a58, 4096)                = -1 EAGAIN (Resource temporarily unavailable)
poll([{fd=3, events=POLLIN|POLLOUT}], 1, -1) = 1 ([{fd=3, revents=POLLOUT}])
writev(3, [{"\226\5\2\0\252\0\0\0", 8}, {NULL, 0}, {"", 0}], 3) = 8
poll([{fd=3, events=POLLIN}], 1, -1)    = 1 ([{fd=3, revents=POLLIN}])
read(3, "\1?\v\0\n\0\0\0\252\0\0\0\16\7\367\1#_\0\0\3\0\0\0\1\0<\0\7\0\0\0"..., 4096) = 72
read(3, 0x9507a58, 4096)                = -1 EAGAIN (Resource temporarily unavailable)
poll([{fd=3, events=POLLIN|POLLOUT}], 1, -1) = 1 ([{fd=3, revents=POLLOUT}])
writev(3, [{"\2\5\4\0\252\0\0\0\0\10\0\0\0\0\2\0\226\4\3\0\252\0\0\0\1\0\0\0\226\2\6\0"..., 52}, {NULL, 0}, {"", 0}], 3) = 52
poll([{fd=3, events=POLLIN}], 1, -1)    = 1 ([{fd=3, revents=POLLIN}])
read(3, "e\1\16\0\16\7\367\1#_\0\0\252\0\0\0\252\0\0\0\377\377\1\0\0\4X\2\17\1\237\0"..., 4096) = 64
poll([{fd=3, events=POLLIN}], 1, -1)    = 1 ([{fd=3, revents=POLLIN}])
read(3, "e\1\16\0\16\7\367\1#_\0\0\252\0\0\0\252\0\0\0\377\377\1\0 \3X\2\17\1\237\0"..., 4096) = 160
read(3, 0x9507a58, 4096)                = -1 EAGAIN (Resource temporarily unavailable)
exit_group(0)                           = ?
